Loading file(s) matching pattern: results/Robustness_Horse_Race*.csv
Files loaded:
- results/Robustness_Horse_Race_20260224_110324.csv
Total valid rows after cleaning: 720


Experiment 2: Robustness Analysis

Competitive Ratio Summary by Algorithm, Density, and Order:
                                         mean    std    min    max
algorithm density          order                                  
greedy    dense            adversarial  1.000  0.000  1.000  1.000
                           random       1.000  0.000  1.000  1.000
          extremely_sparse adversarial  0.840  0.003  0.835  0.846
                           random       0.910  0.003  0.902  0.914
          medium           adversarial  0.988  0.001  0.986  0.990
                           random       0.992  0.000  0.991  0.993
          sparse           adversarial  0.893  0.002  0.889  0.898
                           random       0.931  0.001  0.926  0.933
ranking   dense            adversarial  1.000  0.000  1.000  1.000
                           random       1.000  0.000  1.000  1.000
          extremely_sparse adversarial  0.836  0.004  0.826  0.844
                           random       0.909  0.003  0.903  0.915
          medium           adversarial  0.986  0.001  0.984  0.987
                           random       0.993  0.001  0.991  0.994
          sparse           adversarial  0.886  0.002  0.880  0.890
                           random       0.930  0.002  0.927  0.933

Saved plot to 'robustness_boxplot_20260301_155049.pdf'
Saved plot to 'robustness_interaction_plot_20260301_155049.pdf'
